{"C:\\Users\\Firmin\\dev\\Othello\\server\\app.js": {"path":"C:\\Users\\Firmin\\dev\\Othello\\server\\app.js","statementMap":{"0":{"start":{"line":1,"column":15},"end":{"line":1,"column":40}},"1":{"start":{"line":2,"column":16},"end":{"line":2,"column":34}},"2":{"start":{"line":3,"column":19},"end":{"line":3,"column":41}},"3":{"start":{"line":4,"column":12},"end":{"line":4,"column":21}},"4":{"start":{"line":5,"column":13},"end":{"line":5,"column":28}},"5":{"start":{"line":6,"column":21},"end":{"line":6,"column":47}},"6":{"start":{"line":7,"column":20},"end":{"line":7,"column":45}},"7":{"start":{"line":8,"column":20},"end":{"line":8,"column":45}},"8":{"start":{"line":9,"column":17},"end":{"line":9,"column":36}},"9":{"start":{"line":10,"column":19},"end":{"line":10,"column":48}},"10":{"start":{"line":11,"column":15},"end":{"line":11,"column":40}},"11":{"start":{"line":13,"column":0},"end":{"line":13,"column":48}},"12":{"start":{"line":15,"column":0},"end":{"line":21,"column":4}},"13":{"start":{"line":17,"column":4},"end":{"line":17,"column":39}},"14":{"start":{"line":20,"column":4},"end":{"line":20,"column":63}},"15":{"start":{"line":23,"column":0},"end":{"line":23,"column":15}},"16":{"start":{"line":24,"column":0},"end":{"line":24,"column":32}},"17":{"start":{"line":25,"column":0},"end":{"line":25,"column":26}},"18":{"start":{"line":26,"column":0},"end":{"line":26,"column":33}},"19":{"start":{"line":28,"column":0},"end":{"line":28,"column":36}},"20":{"start":{"line":29,"column":0},"end":{"line":29,"column":34}},"21":{"start":{"line":30,"column":0},"end":{"line":30,"column":34}},"22":{"start":{"line":32,"column":0},"end":{"line":32,"column":35}},"23":{"start":{"line":33,"column":0},"end":{"line":33,"column":32}},"24":{"start":{"line":35,"column":0},"end":{"line":35,"column":20}}},"fnMap":{"0":{"name":"(anonymous_0)","decl":{"start":{"line":16,"column":8},"end":{"line":16,"column":9}},"loc":{"start":{"line":16,"column":14},"end":{"line":18,"column":3}},"line":16},"1":{"name":"(anonymous_1)","decl":{"start":{"line":19,"column":9},"end":{"line":19,"column":10}},"loc":{"start":{"line":19,"column":20},"end":{"line":21,"column":3}},"line":19}},"branchMap":{},"s":{"0":1,"1":1,"2":1,"3":1,"4":1,"5":1,"6":1,"7":1,"8":1,"9":1,"10":1,"11":1,"12":1,"13":1,"14":0,"15":1,"16":1,"17":1,"18":1,"19":1,"20":1,"21":1,"22":1,"23":1,"24":1},"f":{"0":1,"1":0},"b":{},"_coverageSchema":"43e27e138ebf9cfc5966b082cf9a028302ed4184","hash":"2dadbb2d7707aad43c5b79d43b0d0fc28896e49a"}
,"C:\\Users\\Firmin\\dev\\Othello\\server\\controllers\\boardController.js": {"path":"C:\\Users\\Firmin\\dev\\Othello\\server\\controllers\\boardController.js","statementMap":{"0":{"start":{"line":1,"column":14},"end":{"line":1,"column":40}},"1":{"start":{"line":2,"column":13},"end":{"line":2,"column":38}},"2":{"start":{"line":3,"column":12},"end":{"line":3,"column":35}},"3":{"start":{"line":5,"column":21},"end":{"line":11,"column":1}},"4":{"start":{"line":6,"column":24},"end":{"line":6,"column":52}},"5":{"start":{"line":7,"column":2},"end":{"line":9,"column":3}},"6":{"start":{"line":8,"column":4},"end":{"line":8,"column":37}},"7":{"start":{"line":10,"column":2},"end":{"line":10,"column":13}},"8":{"start":{"line":13,"column":0},"end":{"line":16,"column":1}},"9":{"start":{"line":14,"column":20},"end":{"line":14,"column":40}},"10":{"start":{"line":15,"column":2},"end":{"line":15,"column":50}},"11":{"start":{"line":15,"column":34},"end":{"line":15,"column":48}},"12":{"start":{"line":18,"column":0},"end":{"line":29,"column":1}},"13":{"start":{"line":19,"column":2},"end":{"line":28,"column":3}},"14":{"start":{"line":20,"column":23},"end":{"line":20,"column":58}},"15":{"start":{"line":21,"column":4},"end":{"line":25,"column":5}},"16":{"start":{"line":22,"column":6},"end":{"line":22,"column":35}},"17":{"start":{"line":24,"column":6},"end":{"line":24,"column":27}},"18":{"start":{"line":27,"column":4},"end":{"line":27,"column":11}},"19":{"start":{"line":31,"column":0},"end":{"line":54,"column":1}},"20":{"start":{"line":32,"column":16},"end":{"line":32,"column":33}},"21":{"start":{"line":34,"column":2},"end":{"line":53,"column":3}},"22":{"start":{"line":35,"column":25},"end":{"line":35,"column":62}},"23":{"start":{"line":36,"column":4},"end":{"line":38,"column":5}},"24":{"start":{"line":37,"column":6},"end":{"line":37,"column":72}},"25":{"start":{"line":39,"column":17},"end":{"line":39,"column":53}},"26":{"start":{"line":41,"column":21},"end":{"line":45,"column":6}},"27":{"start":{"line":47,"column":23},"end":{"line":47,"column":44}},"28":{"start":{"line":48,"column":4},"end":{"line":48,"column":52}},"29":{"start":{"line":49,"column":4},"end":{"line":49,"column":21}},"30":{"start":{"line":50,"column":4},"end":{"line":50,"column":33}},"31":{"start":{"line":52,"column":4},"end":{"line":52,"column":11}},"32":{"start":{"line":56,"column":0},"end":{"line":62,"column":1}},"33":{"start":{"line":57,"column":2},"end":{"line":61,"column":32}},"34":{"start":{"line":59,"column":6},"end":{"line":59,"column":37}},"35":{"start":{"line":61,"column":20},"end":{"line":61,"column":31}},"36":{"start":{"line":64,"column":0},"end":{"line":81,"column":1}},"37":{"start":{"line":65,"column":16},"end":{"line":65,"column":33}},"38":{"start":{"line":66,"column":2},"end":{"line":80,"column":3}},"39":{"start":{"line":67,"column":25},"end":{"line":67,"column":62}},"40":{"start":{"line":68,"column":4},"end":{"line":70,"column":5}},"41":{"start":{"line":69,"column":6},"end":{"line":69,"column":119}},"42":{"start":{"line":71,"column":26},"end":{"line":71,"column":61}},"43":{"start":{"line":72,"column":17},"end":{"line":72,"column":53}},"44":{"start":{"line":73,"column":4},"end":{"line":75,"column":5}},"45":{"start":{"line":74,"column":6},"end":{"line":74,"column":99}},"46":{"start":{"line":76,"column":25},"end":{"line":76,"column":94}},"47":{"start":{"line":77,"column":4},"end":{"line":77,"column":35}},"48":{"start":{"line":79,"column":4},"end":{"line":79,"column":11}},"49":{"start":{"line":83,"column":0},"end":{"line":90,"column":1}},"50":{"start":{"line":84,"column":2},"end":{"line":89,"column":3}},"51":{"start":{"line":85,"column":4},"end":{"line":85,"column":48}},"52":{"start":{"line":86,"column":4},"end":{"line":86,"column":25}},"53":{"start":{"line":88,"column":4},"end":{"line":88,"column":11}}},"fnMap":{"0":{"name":"(anonymous_0)","decl":{"start":{"line":5,"column":21},"end":{"line":5,"column":22}},"loc":{"start":{"line":5,"column":32},"end":{"line":11,"column":1}},"line":5},"1":{"name":"(anonymous_1)","decl":{"start":{"line":13,"column":17},"end":{"line":13,"column":18}},"loc":{"start":{"line":13,"column":37},"end":{"line":16,"column":1}},"line":13},"2":{"name":"(anonymous_2)","decl":{"start":{"line":15,"column":25},"end":{"line":15,"column":26}},"loc":{"start":{"line":15,"column":34},"end":{"line":15,"column":48}},"line":15},"3":{"name":"(anonymous_3)","decl":{"start":{"line":18,"column":17},"end":{"line":18,"column":18}},"loc":{"start":{"line":18,"column":43},"end":{"line":29,"column":1}},"line":18},"4":{"name":"(anonymous_4)","decl":{"start":{"line":31,"column":17},"end":{"line":31,"column":18}},"loc":{"start":{"line":31,"column":43},"end":{"line":54,"column":1}},"line":31},"5":{"name":"(anonymous_5)","decl":{"start":{"line":56,"column":17},"end":{"line":56,"column":18}},"loc":{"start":{"line":56,"column":43},"end":{"line":62,"column":1}},"line":56},"6":{"name":"(anonymous_6)","decl":{"start":{"line":58,"column":10},"end":{"line":58,"column":11}},"loc":{"start":{"line":58,"column":26},"end":{"line":60,"column":5}},"line":58},"7":{"name":"(anonymous_7)","decl":{"start":{"line":61,"column":11},"end":{"line":61,"column":12}},"loc":{"start":{"line":61,"column":20},"end":{"line":61,"column":31}},"line":61},"8":{"name":"(anonymous_8)","decl":{"start":{"line":64,"column":17},"end":{"line":64,"column":18}},"loc":{"start":{"line":64,"column":43},"end":{"line":81,"column":1}},"line":64},"9":{"name":"(anonymous_9)","decl":{"start":{"line":83,"column":17},"end":{"line":83,"column":18}},"loc":{"start":{"line":83,"column":43},"end":{"line":90,"column":1}},"line":83}},"branchMap":{"0":{"loc":{"start":{"line":7,"column":2},"end":{"line":9,"column":3}},"type":"if","locations":[{"start":{"line":7,"column":2},"end":{"line":9,"column":3}},{"start":{"line":7,"column":2},"end":{"line":9,"column":3}}],"line":7},"1":{"loc":{"start":{"line":7,"column":6},"end":{"line":7,"column":72}},"type":"binary-expr","locations":[{"start":{"line":7,"column":6},"end":{"line":7,"column":19}},{"start":{"line":7,"column":23},"end":{"line":7,"column":72}}],"line":7},"2":{"loc":{"start":{"line":21,"column":4},"end":{"line":25,"column":5}},"type":"if","locations":[{"start":{"line":21,"column":4},"end":{"line":25,"column":5}},{"start":{"line":21,"column":4},"end":{"line":25,"column":5}}],"line":21},"3":{"loc":{"start":{"line":36,"column":4},"end":{"line":38,"column":5}},"type":"if","locations":[{"start":{"line":36,"column":4},"end":{"line":38,"column":5}},{"start":{"line":36,"column":4},"end":{"line":38,"column":5}}],"line":36},"4":{"loc":{"start":{"line":36,"column":8},"end":{"line":36,"column":34}},"type":"binary-expr","locations":[{"start":{"line":36,"column":8},"end":{"line":36,"column":14}},{"start":{"line":36,"column":18},"end":{"line":36,"column":34}}],"line":36},"5":{"loc":{"start":{"line":68,"column":4},"end":{"line":70,"column":5}},"type":"if","locations":[{"start":{"line":68,"column":4},"end":{"line":70,"column":5}},{"start":{"line":68,"column":4},"end":{"line":70,"column":5}}],"line":68},"6":{"loc":{"start":{"line":68,"column":8},"end":{"line":68,"column":34}},"type":"binary-expr","locations":[{"start":{"line":68,"column":8},"end":{"line":68,"column":14}},{"start":{"line":68,"column":18},"end":{"line":68,"column":34}}],"line":68},"7":{"loc":{"start":{"line":73,"column":4},"end":{"line":75,"column":5}},"type":"if","locations":[{"start":{"line":73,"column":4},"end":{"line":75,"column":5}},{"start":{"line":73,"column":4},"end":{"line":75,"column":5}}],"line":73}},"s":{"0":1,"1":1,"2":1,"3":1,"4":2,"5":2,"6":2,"7":0,"8":1,"9":2,"10":2,"11":4,"12":1,"13":1,"14":1,"15":1,"16":1,"17":0,"18":0,"19":1,"20":1,"21":1,"22":1,"23":1,"24":0,"25":1,"26":1,"27":1,"28":1,"29":1,"30":1,"31":0,"32":1,"33":0,"34":0,"35":0,"36":1,"37":1,"38":1,"39":1,"40":1,"41":0,"42":1,"43":1,"44":1,"45":1,"46":0,"47":0,"48":0,"49":1,"50":1,"51":1,"52":1,"53":0},"f":{"0":2,"1":2,"2":4,"3":1,"4":1,"5":0,"6":0,"7":0,"8":1,"9":1},"b":{"0":[2,0],"1":[2,2],"2":[1,0],"3":[0,1],"4":[1,1],"5":[0,1],"6":[1,1],"7":[1,0]},"_coverageSchema":"43e27e138ebf9cfc5966b082cf9a028302ed4184","hash":"bf24863b3f5f0144a4cbc5feca28ba3b6b961169"}
,"C:\\Users\\Firmin\\dev\\Othello\\server\\controllers\\loginController.js": {"path":"C:\\Users\\Firmin\\dev\\Othello\\server\\controllers\\loginController.js","statementMap":{"0":{"start":{"line":1,"column":12},"end":{"line":1,"column":35}},"1":{"start":{"line":2,"column":15},"end":{"line":2,"column":34}},"2":{"start":{"line":3,"column":13},"end":{"line":3,"column":38}},"3":{"start":{"line":5,"column":0},"end":{"line":29,"column":1}},"4":{"start":{"line":6,"column":15},"end":{"line":6,"column":27}},"5":{"start":{"line":8,"column":15},"end":{"line":8,"column":62}},"6":{"start":{"line":9,"column":26},"end":{"line":11,"column":60}},"7":{"start":{"line":13,"column":2},"end":{"line":17,"column":3}},"8":{"start":{"line":14,"column":4},"end":{"line":16,"column":6}},"9":{"start":{"line":19,"column":23},"end":{"line":22,"column":3}},"10":{"start":{"line":24,"column":16},"end":{"line":24,"column":58}},"11":{"start":{"line":26,"column":2},"end":{"line":28,"column":59}}},"fnMap":{"0":{"name":"(anonymous_0)","decl":{"start":{"line":5,"column":16},"end":{"line":5,"column":17}},"loc":{"start":{"line":5,"column":45},"end":{"line":29,"column":1}},"line":5}},"branchMap":{"0":{"loc":{"start":{"line":9,"column":26},"end":{"line":11,"column":60}},"type":"cond-expr","locations":[{"start":{"line":10,"column":6},"end":{"line":10,"column":11}},{"start":{"line":11,"column":6},"end":{"line":11,"column":60}}],"line":9},"1":{"loc":{"start":{"line":13,"column":2},"end":{"line":17,"column":3}},"type":"if","locations":[{"start":{"line":13,"column":2},"end":{"line":17,"column":3}},{"start":{"line":13,"column":2},"end":{"line":17,"column":3}}],"line":13},"2":{"loc":{"start":{"line":13,"column":8},"end":{"line":13,"column":31}},"type":"binary-expr","locations":[{"start":{"line":13,"column":8},"end":{"line":13,"column":12}},{"start":{"line":13,"column":16},"end":{"line":13,"column":31}}],"line":13}},"s":{"0":1,"1":1,"2":1,"3":1,"4":4,"5":4,"6":4,"7":4,"8":1,"9":3,"10":3,"11":3},"f":{"0":4},"b":{"0":[0,4],"1":[1,3],"2":[4,4]},"_coverageSchema":"43e27e138ebf9cfc5966b082cf9a028302ed4184","hash":"906c1674c0830fbbb65919e6faf5cdbb89626740"}
,"C:\\Users\\Firmin\\dev\\Othello\\server\\controllers\\userController.js": {"path":"C:\\Users\\Firmin\\dev\\Othello\\server\\controllers\\userController.js","statementMap":{"0":{"start":{"line":1,"column":15},"end":{"line":1,"column":34}},"1":{"start":{"line":2,"column":13},"end":{"line":2,"column":38}},"2":{"start":{"line":3,"column":14},"end":{"line":3,"column":40}},"3":{"start":{"line":5,"column":0},"end":{"line":12,"column":1}},"4":{"start":{"line":6,"column":2},"end":{"line":11,"column":3}},"5":{"start":{"line":7,"column":18},"end":{"line":7,"column":37}},"6":{"start":{"line":8,"column":4},"end":{"line":8,"column":46}},"7":{"start":{"line":8,"column":34},"end":{"line":8,"column":44}},"8":{"start":{"line":10,"column":4},"end":{"line":10,"column":15}},"9":{"start":{"line":14,"column":0},"end":{"line":25,"column":1}},"10":{"start":{"line":15,"column":2},"end":{"line":24,"column":3}},"11":{"start":{"line":16,"column":22},"end":{"line":16,"column":56}},"12":{"start":{"line":17,"column":4},"end":{"line":21,"column":5}},"13":{"start":{"line":18,"column":6},"end":{"line":18,"column":34}},"14":{"start":{"line":20,"column":6},"end":{"line":20,"column":27}},"15":{"start":{"line":23,"column":4},"end":{"line":23,"column":11}},"16":{"start":{"line":27,"column":0},"end":{"line":46,"column":1}},"17":{"start":{"line":28,"column":2},"end":{"line":45,"column":3}},"18":{"start":{"line":29,"column":17},"end":{"line":29,"column":25}},"19":{"start":{"line":31,"column":23},"end":{"line":31,"column":25}},"20":{"start":{"line":32,"column":25},"end":{"line":32,"column":69}},"21":{"start":{"line":34,"column":17},"end":{"line":38,"column":6}},"22":{"start":{"line":40,"column":22},"end":{"line":40,"column":39}},"23":{"start":{"line":42,"column":4},"end":{"line":42,"column":23}},"24":{"start":{"line":44,"column":4},"end":{"line":44,"column":19}},"25":{"start":{"line":48,"column":0},"end":{"line":64,"column":1}},"26":{"start":{"line":49,"column":2},"end":{"line":63,"column":3}},"27":{"start":{"line":50,"column":26},"end":{"line":50,"column":62}},"28":{"start":{"line":51,"column":25},"end":{"line":51,"column":59}},"29":{"start":{"line":52,"column":4},"end":{"line":55,"column":5}},"30":{"start":{"line":53,"column":6},"end":{"line":53,"column":72}},"31":{"start":{"line":54,"column":6},"end":{"line":54,"column":32}},"32":{"start":{"line":56,"column":4},"end":{"line":59,"column":5}},"33":{"start":{"line":57,"column":6},"end":{"line":57,"column":70}},"34":{"start":{"line":58,"column":6},"end":{"line":58,"column":31}},"35":{"start":{"line":60,"column":4},"end":{"line":60,"column":35}},"36":{"start":{"line":62,"column":4},"end":{"line":62,"column":11}},"37":{"start":{"line":66,"column":0},"end":{"line":73,"column":1}},"38":{"start":{"line":67,"column":2},"end":{"line":72,"column":3}},"39":{"start":{"line":68,"column":4},"end":{"line":68,"column":47}},"40":{"start":{"line":69,"column":4},"end":{"line":69,"column":25}},"41":{"start":{"line":71,"column":4},"end":{"line":71,"column":15}}},"fnMap":{"0":{"name":"(anonymous_0)","decl":{"start":{"line":5,"column":17},"end":{"line":5,"column":18}},"loc":{"start":{"line":5,"column":43},"end":{"line":12,"column":1}},"line":5},"1":{"name":"(anonymous_1)","decl":{"start":{"line":8,"column":29},"end":{"line":8,"column":30}},"loc":{"start":{"line":8,"column":34},"end":{"line":8,"column":44}},"line":8},"2":{"name":"(anonymous_2)","decl":{"start":{"line":14,"column":17},"end":{"line":14,"column":18}},"loc":{"start":{"line":14,"column":43},"end":{"line":25,"column":1}},"line":14},"3":{"name":"(anonymous_3)","decl":{"start":{"line":27,"column":17},"end":{"line":27,"column":18}},"loc":{"start":{"line":27,"column":43},"end":{"line":46,"column":1}},"line":27},"4":{"name":"(anonymous_4)","decl":{"start":{"line":48,"column":17},"end":{"line":48,"column":18}},"loc":{"start":{"line":48,"column":43},"end":{"line":64,"column":1}},"line":48},"5":{"name":"(anonymous_5)","decl":{"start":{"line":66,"column":17},"end":{"line":66,"column":18}},"loc":{"start":{"line":66,"column":43},"end":{"line":73,"column":1}},"line":66}},"branchMap":{"0":{"loc":{"start":{"line":17,"column":4},"end":{"line":21,"column":5}},"type":"if","locations":[{"start":{"line":17,"column":4},"end":{"line":21,"column":5}},{"start":{"line":17,"column":4},"end":{"line":21,"column":5}}],"line":17},"1":{"loc":{"start":{"line":52,"column":4},"end":{"line":55,"column":5}},"type":"if","locations":[{"start":{"line":52,"column":4},"end":{"line":55,"column":5}},{"start":{"line":52,"column":4},"end":{"line":55,"column":5}}],"line":52},"2":{"loc":{"start":{"line":52,"column":8},"end":{"line":52,"column":89}},"type":"binary-expr","locations":[{"start":{"line":52,"column":8},"end":{"line":52,"column":38}},{"start":{"line":52,"column":42},"end":{"line":52,"column":89}}],"line":52},"3":{"loc":{"start":{"line":56,"column":4},"end":{"line":59,"column":5}},"type":"if","locations":[{"start":{"line":56,"column":4},"end":{"line":59,"column":5}},{"start":{"line":56,"column":4},"end":{"line":59,"column":5}}],"line":56}},"s":{"0":1,"1":1,"2":1,"3":1,"4":2,"5":2,"6":2,"7":4,"8":0,"9":1,"10":1,"11":1,"12":1,"13":1,"14":0,"15":0,"16":1,"17":5,"18":5,"19":5,"20":5,"21":5,"22":5,"23":5,"24":0,"25":1,"26":1,"27":1,"28":1,"29":1,"30":0,"31":0,"32":0,"33":0,"34":0,"35":0,"36":1,"37":1,"38":1,"39":1,"40":1,"41":0},"f":{"0":2,"1":4,"2":1,"3":5,"4":1,"5":1},"b":{"0":[1,0],"1":[0,0],"2":[1,0],"3":[0,0]},"_coverageSchema":"43e27e138ebf9cfc5966b082cf9a028302ed4184","hash":"175f3f195adab877effa2cc674221e0e6362f377"}
,"C:\\Users\\Firmin\\dev\\Othello\\server\\models\\board.js": {"path":"C:\\Users\\Firmin\\dev\\Othello\\server\\models\\board.js","statementMap":{"0":{"start":{"line":1,"column":17},"end":{"line":1,"column":36}},"1":{"start":{"line":3,"column":20},"end":{"line":17,"column":2}},"2":{"start":{"line":19,"column":0},"end":{"line":25,"column":2}},"3":{"start":{"line":21,"column":4},"end":{"line":21,"column":53}},"4":{"start":{"line":22,"column":4},"end":{"line":22,"column":29}},"5":{"start":{"line":23,"column":4},"end":{"line":23,"column":29}},"6":{"start":{"line":27,"column":0},"end":{"line":27,"column":53}}},"fnMap":{"0":{"name":"(anonymous_0)","decl":{"start":{"line":20,"column":13},"end":{"line":20,"column":14}},"loc":{"start":{"line":20,"column":43},"end":{"line":24,"column":3}},"line":20}},"branchMap":{},"s":{"0":1,"1":1,"2":1,"3":18,"4":18,"5":18,"6":1},"f":{"0":18},"b":{},"_coverageSchema":"43e27e138ebf9cfc5966b082cf9a028302ed4184","hash":"1e08af6bdfde326168e33fcc2b3c7362b647cb4e"}
,"C:\\Users\\Firmin\\dev\\Othello\\server\\models\\user.js": {"path":"C:\\Users\\Firmin\\dev\\Othello\\server\\models\\user.js","statementMap":{"0":{"start":{"line":1,"column":17},"end":{"line":1,"column":36}},"1":{"start":{"line":2,"column":24},"end":{"line":2,"column":60}},"2":{"start":{"line":4,"column":19},"end":{"line":20,"column":2}},"3":{"start":{"line":22,"column":0},"end":{"line":22,"column":34}},"4":{"start":{"line":24,"column":0},"end":{"line":32,"column":2}},"5":{"start":{"line":26,"column":4},"end":{"line":26,"column":53}},"6":{"start":{"line":27,"column":4},"end":{"line":27,"column":29}},"7":{"start":{"line":28,"column":4},"end":{"line":28,"column":29}},"8":{"start":{"line":30,"column":4},"end":{"line":30,"column":38}},"9":{"start":{"line":34,"column":13},"end":{"line":34,"column":47}},"10":{"start":{"line":36,"column":0},"end":{"line":36,"column":21}}},"fnMap":{"0":{"name":"(anonymous_0)","decl":{"start":{"line":25,"column":13},"end":{"line":25,"column":14}},"loc":{"start":{"line":25,"column":43},"end":{"line":31,"column":3}},"line":25}},"branchMap":{},"s":{"0":1,"1":1,"2":1,"3":1,"4":1,"5":22,"6":22,"7":22,"8":22,"9":1,"10":1},"f":{"0":22},"b":{},"_coverageSchema":"43e27e138ebf9cfc5966b082cf9a028302ed4184","hash":"1c68d3ef0f36bf55f6bff9a9e73d38c9107cde40"}
,"C:\\Users\\Firmin\\dev\\Othello\\server\\routes\\boards.js": {"path":"C:\\Users\\Firmin\\dev\\Othello\\server\\routes\\boards.js","statementMap":{"0":{"start":{"line":1,"column":21},"end":{"line":1,"column":48}},"1":{"start":{"line":2,"column":24},"end":{"line":2,"column":65}},"2":{"start":{"line":4,"column":0},"end":{"line":4,"column":45}},"3":{"start":{"line":6,"column":0},"end":{"line":6,"column":48}},"4":{"start":{"line":8,"column":0},"end":{"line":8,"column":46}},"5":{"start":{"line":10,"column":0},"end":{"line":10,"column":48}},"6":{"start":{"line":12,"column":0},"end":{"line":12,"column":51}},"7":{"start":{"line":14,"column":0},"end":{"line":14,"column":29}}},"fnMap":{},"branchMap":{},"s":{"0":1,"1":1,"2":1,"3":1,"4":1,"5":1,"6":1,"7":1},"f":{},"b":{},"_coverageSchema":"43e27e138ebf9cfc5966b082cf9a028302ed4184","hash":"a8afb03f248ec49f5cc8528b02375e01e58a4ce3"}
,"C:\\Users\\Firmin\\dev\\Othello\\server\\routes\\login.js": {"path":"C:\\Users\\Firmin\\dev\\Othello\\server\\routes\\login.js","statementMap":{"0":{"start":{"line":1,"column":20},"end":{"line":1,"column":47}},"1":{"start":{"line":2,"column":24},"end":{"line":2,"column":65}},"2":{"start":{"line":4,"column":0},"end":{"line":4,"column":44}},"3":{"start":{"line":6,"column":0},"end":{"line":6,"column":28}}},"fnMap":{},"branchMap":{},"s":{"0":1,"1":1,"2":1,"3":1},"f":{},"b":{},"_coverageSchema":"43e27e138ebf9cfc5966b082cf9a028302ed4184","hash":"5280df5c9533d2e5641fb4a8ca3640ec4261b918"}
,"C:\\Users\\Firmin\\dev\\Othello\\server\\routes\\users.js": {"path":"C:\\Users\\Firmin\\dev\\Othello\\server\\routes\\users.js","statementMap":{"0":{"start":{"line":1,"column":20},"end":{"line":1,"column":47}},"1":{"start":{"line":2,"column":23},"end":{"line":2,"column":63}},"2":{"start":{"line":4,"column":0},"end":{"line":4,"column":43}},"3":{"start":{"line":6,"column":0},"end":{"line":6,"column":46}},"4":{"start":{"line":8,"column":0},"end":{"line":8,"column":44}},"5":{"start":{"line":10,"column":0},"end":{"line":10,"column":46}},"6":{"start":{"line":12,"column":0},"end":{"line":12,"column":49}},"7":{"start":{"line":14,"column":0},"end":{"line":14,"column":28}}},"fnMap":{},"branchMap":{},"s":{"0":1,"1":1,"2":1,"3":1,"4":1,"5":1,"6":1,"7":1},"f":{},"b":{},"_coverageSchema":"43e27e138ebf9cfc5966b082cf9a028302ed4184","hash":"553d8a95c4ddf84b7356145fd6eba321141af8db"}
,"C:\\Users\\Firmin\\dev\\Othello\\server\\utils\\config.js": {"path":"C:\\Users\\Firmin\\dev\\Othello\\server\\utils\\config.js","statementMap":{"0":{"start":{"line":1,"column":0},"end":{"line":1,"column":26}},"1":{"start":{"line":3,"column":13},"end":{"line":3,"column":29}},"2":{"start":{"line":4,"column":18},"end":{"line":4,"column":41}},"3":{"start":{"line":6,"column":0},"end":{"line":8,"column":1}},"4":{"start":{"line":7,"column":2},"end":{"line":7,"column":44}},"5":{"start":{"line":10,"column":0},"end":{"line":13,"column":1}}},"fnMap":{},"branchMap":{"0":{"loc":{"start":{"line":6,"column":0},"end":{"line":8,"column":1}},"type":"if","locations":[{"start":{"line":6,"column":0},"end":{"line":8,"column":1}},{"start":{"line":6,"column":0},"end":{"line":8,"column":1}}],"line":6}},"s":{"0":1,"1":1,"2":1,"3":1,"4":1,"5":1},"f":{},"b":{"0":[1,0]},"_coverageSchema":"43e27e138ebf9cfc5966b082cf9a028302ed4184","hash":"f19061eb6af1446d81541386ee5bd407574db172"}
,"C:\\Users\\Firmin\\dev\\Othello\\server\\utils\\logger.js": {"path":"C:\\Users\\Firmin\\dev\\Othello\\server\\utils\\logger.js","statementMap":{"0":{"start":{"line":1,"column":13},"end":{"line":5,"column":1}},"1":{"start":{"line":2,"column":2},"end":{"line":4,"column":3}},"2":{"start":{"line":3,"column":4},"end":{"line":3,"column":26}},"3":{"start":{"line":7,"column":14},"end":{"line":9,"column":1}},"4":{"start":{"line":8,"column":2},"end":{"line":8,"column":26}},"5":{"start":{"line":11,"column":0},"end":{"line":13,"column":1}}},"fnMap":{"0":{"name":"(anonymous_0)","decl":{"start":{"line":1,"column":13},"end":{"line":1,"column":14}},"loc":{"start":{"line":1,"column":28},"end":{"line":5,"column":1}},"line":1},"1":{"name":"(anonymous_1)","decl":{"start":{"line":7,"column":14},"end":{"line":7,"column":15}},"loc":{"start":{"line":7,"column":29},"end":{"line":9,"column":1}},"line":7}},"branchMap":{"0":{"loc":{"start":{"line":2,"column":2},"end":{"line":4,"column":3}},"type":"if","locations":[{"start":{"line":2,"column":2},"end":{"line":4,"column":3}},{"start":{"line":2,"column":2},"end":{"line":4,"column":3}}],"line":2}},"s":{"0":1,"1":82,"2":0,"3":1,"4":1,"5":1},"f":{"0":82,"1":1},"b":{"0":[0,82]},"_coverageSchema":"43e27e138ebf9cfc5966b082cf9a028302ed4184","hash":"61095eea9a721c3af5e9d1874224d5bdce3d7c25"}
,"C:\\Users\\Firmin\\dev\\Othello\\server\\utils\\middleware.js": {"path":"C:\\Users\\Firmin\\dev\\Othello\\server\\utils\\middleware.js","statementMap":{"0":{"start":{"line":1,"column":15},"end":{"line":1,"column":34}},"1":{"start":{"line":3,"column":22},"end":{"line":9,"column":1}},"2":{"start":{"line":4,"column":2},"end":{"line":4,"column":40}},"3":{"start":{"line":5,"column":2},"end":{"line":5,"column":38}},"4":{"start":{"line":6,"column":2},"end":{"line":6,"column":38}},"5":{"start":{"line":7,"column":2},"end":{"line":7,"column":20}},"6":{"start":{"line":8,"column":2},"end":{"line":8,"column":8}},"7":{"start":{"line":11,"column":24},"end":{"line":13,"column":1}},"8":{"start":{"line":12,"column":2},"end":{"line":12,"column":56}},"9":{"start":{"line":15,"column":21},"end":{"line":33,"column":1}},"10":{"start":{"line":16,"column":2},"end":{"line":28,"column":3}},"11":{"start":{"line":17,"column":4},"end":{"line":19,"column":6}},"12":{"start":{"line":20,"column":9},"end":{"line":28,"column":3}},"13":{"start":{"line":21,"column":4},"end":{"line":23,"column":6}},"14":{"start":{"line":24,"column":9},"end":{"line":28,"column":3}},"15":{"start":{"line":25,"column":4},"end":{"line":27,"column":6}},"16":{"start":{"line":30,"column":2},"end":{"line":30,"column":29}},"17":{"start":{"line":32,"column":2},"end":{"line":32,"column":13}},"18":{"start":{"line":35,"column":0},"end":{"line":39,"column":1}}},"fnMap":{"0":{"name":"(anonymous_0)","decl":{"start":{"line":3,"column":22},"end":{"line":3,"column":23}},"loc":{"start":{"line":3,"column":51},"end":{"line":9,"column":1}},"line":3},"1":{"name":"(anonymous_1)","decl":{"start":{"line":11,"column":24},"end":{"line":11,"column":25}},"loc":{"start":{"line":11,"column":47},"end":{"line":13,"column":1}},"line":11},"2":{"name":"(anonymous_2)","decl":{"start":{"line":15,"column":21},"end":{"line":15,"column":22}},"loc":{"start":{"line":15,"column":57},"end":{"line":33,"column":1}},"line":15}},"branchMap":{"0":{"loc":{"start":{"line":16,"column":2},"end":{"line":28,"column":3}},"type":"if","locations":[{"start":{"line":16,"column":2},"end":{"line":28,"column":3}},{"start":{"line":16,"column":2},"end":{"line":28,"column":3}}],"line":16},"1":{"loc":{"start":{"line":16,"column":6},"end":{"line":16,"column":61}},"type":"binary-expr","locations":[{"start":{"line":16,"column":6},"end":{"line":16,"column":32}},{"start":{"line":16,"column":36},"end":{"line":16,"column":61}}],"line":16},"2":{"loc":{"start":{"line":20,"column":9},"end":{"line":28,"column":3}},"type":"if","locations":[{"start":{"line":20,"column":9},"end":{"line":28,"column":3}},{"start":{"line":20,"column":9},"end":{"line":28,"column":3}}],"line":20},"3":{"loc":{"start":{"line":24,"column":9},"end":{"line":28,"column":3}},"type":"if","locations":[{"start":{"line":24,"column":9},"end":{"line":28,"column":3}},{"start":{"line":24,"column":9},"end":{"line":28,"column":3}}],"line":24}},"s":{"0":1,"1":1,"2":20,"3":20,"4":20,"5":20,"6":20,"7":1,"8":0,"9":1,"10":1,"11":0,"12":1,"13":0,"14":1,"15":0,"16":1,"17":1,"18":1},"f":{"0":20,"1":0,"2":1},"b":{"0":[0,1],"1":[1,0],"2":[0,1],"3":[0,1]},"_coverageSchema":"43e27e138ebf9cfc5966b082cf9a028302ed4184","hash":"163e4e349078d157ecc4710bd62c26e202ee5640"}
}
