TN:
SF:C:\Users\Firmin\dev\Othello\server\app.js
FN:16,(anonymous_0)
FN:19,(anonymous_1)
FNF:2
FNH:1
FNDA:1,(anonymous_0)
FNDA:0,(anonymous_1)
DA:1,1
DA:2,1
DA:3,1
DA:4,1
DA:5,1
DA:6,1
DA:7,1
DA:8,1
DA:9,1
DA:10,1
DA:11,1
DA:13,1
DA:15,1
DA:17,1
DA:20,0
DA:23,1
DA:24,1
DA:25,1
DA:26,1
DA:28,1
DA:29,1
DA:30,1
DA:32,1
DA:33,1
DA:35,1
LF:25
LH:24
BRF:0
BRH:0
end_of_record
TN:
SF:C:\Users\Firmin\dev\Othello\server\controllers\boardController.js
FN:5,(anonymous_0)
FN:13,(anonymous_1)
FN:15,(anonymous_2)
FN:18,(anonymous_3)
FN:31,(anonymous_4)
FN:56,(anonymous_5)
FN:58,(anonymous_6)
FN:61,(anonymous_7)
FN:64,(anonymous_8)
FN:83,(anonymous_9)
FNF:10
FNH:7
FNDA:2,(anonymous_0)
FNDA:2,(anonymous_1)
FNDA:4,(anonymous_2)
FNDA:1,(anonymous_3)
FNDA:1,(anonymous_4)
FNDA:0,(anonymous_5)
FNDA:0,(anonymous_6)
FNDA:0,(anonymous_7)
FNDA:1,(anonymous_8)
FNDA:1,(anonymous_9)
DA:1,1
DA:2,1
DA:3,1
DA:5,1
DA:6,2
DA:7,2
DA:8,2
DA:10,0
DA:13,1
DA:14,2
DA:15,4
DA:18,1
DA:19,1
DA:20,1
DA:21,1
DA:22,1
DA:24,0
DA:27,0
DA:31,1
DA:32,1
DA:34,1
DA:35,1
DA:36,1
DA:37,0
DA:39,1
DA:41,1
DA:47,1
DA:48,1
DA:49,1
DA:50,1
DA:52,0
DA:56,1
DA:57,0
DA:59,0
DA:61,0
DA:64,1
DA:65,1
DA:66,1
DA:67,1
DA:68,1
DA:69,0
DA:71,1
DA:72,1
DA:73,1
DA:74,1
DA:76,0
DA:77,0
DA:79,0
DA:83,1
DA:84,1
DA:85,1
DA:86,1
DA:88,0
LF:53
LH:40
BRDA:7,0,0,2
BRDA:7,0,1,0
BRDA:7,1,0,2
BRDA:7,1,1,2
BRDA:21,2,0,1
BRDA:21,2,1,0
BRDA:36,3,0,0
BRDA:36,3,1,1
BRDA:36,4,0,1
BRDA:36,4,1,1
BRDA:68,5,0,0
BRDA:68,5,1,1
BRDA:68,6,0,1
BRDA:68,6,1,1
BRDA:73,7,0,1
BRDA:73,7,1,0
BRF:16
BRH:11
end_of_record
TN:
SF:C:\Users\Firmin\dev\Othello\server\controllers\loginController.js
FN:5,(anonymous_0)
FNF:1
FNH:1
FNDA:4,(anonymous_0)
DA:1,1
DA:2,1
DA:3,1
DA:5,1
DA:6,4
DA:8,4
DA:9,4
DA:13,4
DA:14,1
DA:19,3
DA:24,3
DA:26,3
LF:12
LH:12
BRDA:9,0,0,0
BRDA:9,0,1,4
BRDA:13,1,0,1
BRDA:13,1,1,3
BRDA:13,2,0,4
BRDA:13,2,1,4
BRF:6
BRH:5
end_of_record
TN:
SF:C:\Users\Firmin\dev\Othello\server\controllers\userController.js
FN:5,(anonymous_0)
FN:8,(anonymous_1)
FN:14,(anonymous_2)
FN:27,(anonymous_3)
FN:48,(anonymous_4)
FN:66,(anonymous_5)
FNF:6
FNH:6
FNDA:2,(anonymous_0)
FNDA:4,(anonymous_1)
FNDA:1,(anonymous_2)
FNDA:5,(anonymous_3)
FNDA:1,(anonymous_4)
FNDA:1,(anonymous_5)
DA:1,1
DA:2,1
DA:3,1
DA:5,1
DA:6,2
DA:7,2
DA:8,4
DA:10,0
DA:14,1
DA:15,1
DA:16,1
DA:17,1
DA:18,1
DA:20,0
DA:23,0
DA:27,1
DA:28,5
DA:29,5
DA:31,5
DA:32,5
DA:34,5
DA:40,5
DA:42,5
DA:44,0
DA:48,1
DA:49,1
DA:50,1
DA:51,1
DA:52,1
DA:53,0
DA:54,0
DA:56,0
DA:57,0
DA:58,0
DA:60,0
DA:62,1
DA:66,1
DA:67,1
DA:68,1
DA:69,1
DA:71,0
LF:41
LH:30
BRDA:17,0,0,1
BRDA:17,0,1,0
BRDA:52,1,0,0
BRDA:52,1,1,0
BRDA:52,2,0,1
BRDA:52,2,1,0
BRDA:56,3,0,0
BRDA:56,3,1,0
BRF:8
BRH:2
end_of_record
TN:
SF:C:\Users\Firmin\dev\Othello\server\models\board.js
FN:20,(anonymous_0)
FNF:1
FNH:1
FNDA:18,(anonymous_0)
DA:1,1
DA:3,1
DA:19,1
DA:21,18
DA:22,18
DA:23,18
DA:27,1
LF:7
LH:7
BRF:0
BRH:0
end_of_record
TN:
SF:C:\Users\Firmin\dev\Othello\server\models\user.js
FN:25,(anonymous_0)
FNF:1
FNH:1
FNDA:22,(anonymous_0)
DA:1,1
DA:2,1
DA:4,1
DA:22,1
DA:24,1
DA:26,22
DA:27,22
DA:28,22
DA:30,22
DA:34,1
DA:36,1
LF:11
LH:11
BRF:0
BRH:0
end_of_record
TN:
SF:C:\Users\Firmin\dev\Othello\server\routes\boards.js
FNF:0
FNH:0
DA:1,1
DA:2,1
DA:4,1
DA:6,1
DA:8,1
DA:10,1
DA:12,1
DA:14,1
LF:8
LH:8
BRF:0
BRH:0
end_of_record
TN:
SF:C:\Users\Firmin\dev\Othello\server\routes\login.js
FNF:0
FNH:0
DA:1,1
DA:2,1
DA:4,1
DA:6,1
LF:4
LH:4
BRF:0
BRH:0
end_of_record
TN:
SF:C:\Users\Firmin\dev\Othello\server\routes\users.js
FNF:0
FNH:0
DA:1,1
DA:2,1
DA:4,1
DA:6,1
DA:8,1
DA:10,1
DA:12,1
DA:14,1
LF:8
LH:8
BRF:0
BRH:0
end_of_record
TN:
SF:C:\Users\Firmin\dev\Othello\server\utils\config.js
FNF:0
FNH:0
DA:1,1
DA:3,1
DA:4,1
DA:6,1
DA:7,1
DA:10,1
LF:6
LH:6
BRDA:6,0,0,1
BRDA:6,0,1,0
BRF:2
BRH:1
end_of_record
TN:
SF:C:\Users\Firmin\dev\Othello\server\utils\logger.js
FN:1,(anonymous_0)
FN:7,(anonymous_1)
FNF:2
FNH:2
FNDA:82,(anonymous_0)
FNDA:1,(anonymous_1)
DA:1,1
DA:2,82
DA:3,0
DA:7,1
DA:8,1
DA:11,1
LF:6
LH:5
BRDA:2,0,0,0
BRDA:2,0,1,82
BRF:2
BRH:1
end_of_record
TN:
SF:C:\Users\Firmin\dev\Othello\server\utils\middleware.js
FN:3,(anonymous_0)
FN:11,(anonymous_1)
FN:15,(anonymous_2)
FNF:3
FNH:2
FNDA:20,(anonymous_0)
FNDA:0,(anonymous_1)
FNDA:1,(anonymous_2)
DA:1,1
DA:3,1
DA:4,20
DA:5,20
DA:6,20
DA:7,20
DA:8,20
DA:11,1
DA:12,0
DA:15,1
DA:16,1
DA:17,0
DA:20,1
DA:21,0
DA:24,1
DA:25,0
DA:30,1
DA:32,1
DA:35,1
LF:19
LH:15
BRDA:16,0,0,0
BRDA:16,0,1,1
BRDA:16,1,0,1
BRDA:16,1,1,0
BRDA:20,2,0,0
BRDA:20,2,1,1
BRDA:24,3,0,0
BRDA:24,3,1,1
BRF:8
BRH:4
end_of_record
